<?xml version="1.0" encoding="UTF-8"?>
<!-- Generated by org.testng.reporters.JUnitReportReporter -->
<testsuite hostname="DESKTOP-GOLSP1H" failures="0" tests="1" name="dummy1.practiceTest" time="100.491" errors="0" timestamp="2023-11-27T22:59:59 IST" skipped="0">
  <testcase classname="dummy1.practiceTest" name="demoTest" time="100.491"/>
  <system-out/>
</testsuite> <!-- dummy1.practiceTest -->
