<?xml version="1.0" encoding="UTF-8"?>
<!-- Generated by org.testng.reporters.JUnitReportReporter -->
<testsuite hostname="LAPTOP-FNHVNRNU" failures="0" tests="8" name="TestNG.Prog1" time="0.018" errors="0" timestamp="2022-10-03T22:06:07 IST" skipped="0">
  <testcase classname="TestNG.Prog1" name="ausaf" time="0.010"/>
  <system-out/>
  <testcase classname="TestNG.Prog1" name="skip" time="0.001"/>
  <system-out/>
  <testcase classname="TestNG.Prog1" name="dosa" time="0.002"/>
  <system-out/>
  <testcase classname="TestNG.Prog1" name="dosa" time="0.001"/>
  <system-out/>
  <testcase classname="TestNG.Prog1" name="amarkirani" time="0.001"/>
  <system-out/>
  <testcase classname="TestNG.Prog1" name="dosa" time="0.001"/>
  <system-out/>
  <testcase classname="TestNG.Prog1" name="amar" time="0.001"/>
  <system-out/>
  <testcase classname="TestNG.Prog1" name="birvijay" time="0.001"/>
  <system-out/>
</testsuite> <!-- TestNG.Prog1 -->
