<?xml version="1.0" encoding="UTF-8"?>
<!-- Generated by org.testng.reporters.JUnitReportReporter -->
<testsuite hostname="LAPTOP-FNHVNRNU" failures="0" tests="2" name="TestNG.Prog3" time="0.012" errors="0" timestamp="2022-10-03T22:06:07 IST" skipped="0">
  <testcase classname="TestNG.Prog3" name="school" time="0.002"/>
  <system-out>
    <![CDATA[====connected to DataBase======]]>
  </system-out>
  <testcase classname="TestNG.Prog3" name="college" time="0.010"/>
  <system-out/>
</testsuite> <!-- TestNG.Prog3 -->
