<?xml version="1.0" encoding="UTF-8"?>
<!-- Generated by org.testng.reporters.JUnitReportReporter -->
<testsuite hostname="LAPTOP-FNHVNRNU" failures="0" tests="3" name="TestNG.Prog2" time="0.015" errors="0" timestamp="2022-10-03T22:06:07 IST" skipped="0">
  <testcase classname="TestNG.Prog2" name="pyspider" time="0.003"/>
  <system-out/>
  <testcase classname="TestNG.Prog2" name="jspider" time="0.011"/>
  <system-out/>
  <testcase classname="TestNG.Prog2" name="qspider" time="0.001"/>
  <system-out/>
</testsuite> <!-- TestNG.Prog2 -->
