<?xml version="1.0" encoding="UTF-8"?>
<!-- Generated by org.testng.reporters.JUnitReportReporter -->
<testsuite hostname="LAPTOP-FNHVNRNU" failures="0" tests="4" name="TestNG.Testing2" time="0.015" errors="0" timestamp="2022-11-16T21:21:45 IST" skipped="0">
  <testcase classname="TestNG.Testing2" name="viivo" time="0.002"/>
  <system-out/>
  <testcase classname="TestNG.Testing2" name="Apple" time="0.011"/>
  <system-out/>
  <testcase classname="TestNG.Testing2" name="xiomi" time="0.001"/>
  <system-out/>
  <testcase classname="TestNG.Testing2" name="Techno" time="0.001"/>
  <system-out/>
</testsuite> <!-- TestNG.Testing2 -->
