<?xml version="1.0" encoding="UTF-8"?>
<!-- Generated by org.testng.reporters.JUnitReportReporter -->
<testsuite hostname="LAPTOP-FNHVNRNU" failures="0" tests="1" name="com.vtiger.modules.Product" time="29.743" errors="0" timestamp="2022-11-17T00:31:22 IST" skipped="0">
  <testcase classname="com.vtiger.modules.Product" name="createProduct" time="29.743"/>
  <system-out/>
</testsuite> <!-- com.vtiger.modules.Product -->
