<?xml version="1.0" encoding="UTF-8"?>
<!-- Generated by org.testng.reporters.JUnitReportReporter -->
<testsuite hostname="LAPTOP-FNHVNRNU" failures="0" tests="1" name="com.vtiger.GenericUtility.BaseClass" time="35.147" errors="0" timestamp="2022-11-16T23:11:00 IST" skipped="0">
  <testcase classname="com.vtiger.GenericUtility.BaseClass" name="Testname" time="35.147"/>
  <system-out/>
</testsuite> <!-- com.vtiger.GenericUtility.BaseClass -->
