<?xml version="1.0" encoding="UTF-8"?>
<!-- Generated by org.testng.reporters.JUnitReportReporter -->
<testsuite hostname="LAPTOP-FNHVNRNU" failures="0" tests="4" name="TestNG.Testing3$Testing2" time="0.016" errors="0" timestamp="2022-11-16T16:31:52 IST" skipped="0">
  <testcase classname="TestNG.Testing3$Testing2" name="viivolappy" time="0.003"/>
  <system-out/>
  <testcase classname="TestNG.Testing3$Testing2" name="Applelappy" time="0.009"/>
  <system-out/>
  <testcase classname="TestNG.Testing3$Testing2" name="Technolappy" time="0.002"/>
  <system-out/>
  <testcase classname="TestNG.Testing3$Testing2" name="xiomilappy" time="0.002"/>
  <system-out/>
</testsuite> <!-- TestNG.Testing3$Testing2 -->
