<?xml version="1.0" encoding="UTF-8"?>
<!-- Generated by org.testng.reporters.JUnitReportReporter -->
<testsuite hostname="LAPTOP-FNHVNRNU" failures="0" tests="4" name="TestNG.Testing" time="8.531" errors="0" timestamp="2022-11-16T21:31:35 IST" skipped="0">
  <testcase classname="TestNG.Testing" name="cde" time="0.003"/>
  <system-out/>
  <testcase classname="TestNG.Testing" name="bcd" time="0.003"/>
  <system-out/>
  <testcase classname="TestNG.Testing" name="browser1" time="8.523"/>
  <system-out/>
  <testcase classname="TestNG.Testing" name="zabc" time="0.002"/>
  <system-out>
    <![CDATA[its our reports]]>
  </system-out>
</testsuite> <!-- TestNG.Testing -->
