<?xml version="1.0" encoding="UTF-8"?>
<!-- Generated by org.testng.reporters.JUnitReportReporter -->
<testsuite hostname="LAPTOP-FNHVNRNU" failures="0" tests="4" name="Practice.TestNG" time="0.018" errors="0" timestamp="2022-11-16T16:08:24 IST" skipped="0">
  <testcase classname="Practice.TestNG" name="c" time="0.003"/>
  <system-out/>
  <testcase classname="Practice.TestNG" name="a" time="0.009"/>
  <system-out/>
  <testcase classname="Practice.TestNG" name="d" time="0.002"/>
  <system-out/>
  <testcase classname="Practice.TestNG" name="b" time="0.004"/>
  <system-out/>
</testsuite> <!-- Practice.TestNG -->
