<?xml version="1.0" encoding="UTF-8"?>
<!-- Generated by org.testng.reporters.JUnitReportReporter -->
<testsuite hostname="LAPTOP-FNHVNRNU" failures="0" tests="1" name="com.crm.sdet.organisation.CreateOrganisationTest" time="28.621" errors="0" timestamp="2022-08-15T22:46:21 IST" skipped="0">
  <testcase classname="com.crm.sdet.organisation.CreateOrganisationTest" name="createOrganisation" time="28.621"/>
  <system-out/>
</testsuite> <!-- com.crm.sdet.organisation.CreateOrganisationTest -->
