<?xml version="1.0" encoding="UTF-8"?>
<!-- Generated by org.testng.reporters.JUnitReportReporter -->
<testsuite hostname="LAPTOP-FNHVNRNU" failures="0" tests="1" name="com.crm.sdet.product.ProductTest" time="27.935" errors="0" timestamp="2022-08-15T22:46:22 IST" skipped="0">
  <testcase classname="com.crm.sdet.product.ProductTest" name="createProduct" time="27.935"/>
  <system-out/>
</testsuite> <!-- com.crm.sdet.product.ProductTest -->
