<?xml version="1.0" encoding="UTF-8"?>
<!-- Generated by org.testng.reporters.JUnitReportReporter -->
<testsuite hostname="LAPTOP-FNHVNRNU" failures="0" tests="1" name="Prcatice.Sample2" time="0.001" errors="0" timestamp="2022-08-08T13:22:50 IST" skipped="0">
  <testcase classname="Prcatice.Sample2" name="restore" time="0.001"/>
  <system-out/>
</testsuite> <!-- Prcatice.Sample2 -->
