<?xml version="1.0" encoding="UTF-8"?>
<!-- Generated by org.testng.reporters.JUnitReportReporter -->
<testsuite hostname="LAPTOP-FNHVNRNU" failures="0" tests="1" name="POM.CampaignCreation" time="26.937" errors="0" timestamp="2022-08-05T12:17:36 IST" skipped="0">
  <testcase classname="POM.CampaignCreation" name="campaignCreation" time="26.937"/>
  <system-out/>
</testsuite> <!-- POM.CampaignCreation -->
