<?xml version="1.0" encoding="UTF-8"?>
<!-- Generated by org.testng.reporters.JUnitReportReporter -->
<testsuite hostname="LAPTOP-FNHVNRNU" failures="0" tests="1" name="Prcatice.BC" time="18.560" errors="0" timestamp="2022-08-16T17:09:34 IST" skipped="0">
  <testcase classname="Prcatice.BC" name="demo" time="18.560"/>
  <system-out/>
</testsuite> <!-- Prcatice.BC -->
