<?xml version="1.0" encoding="UTF-8"?>
<!-- Generated by org.testng.reporters.JUnitReportReporter -->
<testsuite hostname="LAPTOP-FNHVNRNU" failures="0" tests="5" name="Prcatice.Traveling" time="0.024" errors="0" timestamp="2022-08-03T15:33:09 IST" skipped="0">
  <testcase classname="Prcatice.Traveling" name="bookTicket" time="0.002"/>
  <system-out/>
  <testcase classname="Prcatice.Traveling" name="bookTicket" time="0.008"/>
  <system-out/>
  <testcase classname="Prcatice.Traveling" name="bookTicket" time="0.003"/>
  <system-out/>
  <testcase classname="Prcatice.Traveling" name="bookTicket" time="0.008"/>
  <system-out/>
  <testcase classname="Prcatice.Traveling" name="bookTicket" time="0.003"/>
  <system-out/>
</testsuite> <!-- Prcatice.Traveling -->
