<?xml version="1.0" encoding="UTF-8"?>
<!-- Generated by org.testng.reporters.JUnitReportReporter -->
<testsuite hostname="LAPTOP-FNHVNRNU" failures="0" tests="1" name="POM.Product" time="32.966" errors="0" timestamp="2022-08-05T13:01:58 IST" skipped="0">
  <testcase classname="POM.Product" name="product" time="32.966"/>
  <system-out/>
</testsuite> <!-- POM.Product -->
