<?xml version="1.0" encoding="UTF-8"?>
<!-- Generated by org.testng.reporters.JUnitReportReporter -->
<testsuite hostname="LAPTOP-FNHVNRNU" failures="0" tests="2" name="Practice.TestNg" time="0.008" errors="0" timestamp="2023-09-09T23:06:43 IST" skipped="0">
  <testcase classname="Practice.TestNg" name="Test2" time="0.002"/>
  <system-out/>
  <testcase classname="Practice.TestNg" name="Test" time="0.006"/>
  <system-out/>
</testsuite> <!-- Practice.TestNg -->
