<?xml version="1.0" encoding="UTF-8"?>
<!-- Generated by org.testng.reporters.JUnitReportReporter -->
<testsuite hostname="LAPTOP-FNHVNRNU" failures="0" tests="1" name="Practice.Amar" time="6.237" errors="0" timestamp="2023-05-09T00:31:43 IST" skipped="0">
  <testcase classname="Practice.Amar" name="setup" time="6.237"/>
  <system-out/>
</testsuite> <!-- Practice.Amar -->
