<?xml version="1.0" encoding="UTF-8"?>
<!-- Generated by org.testng.reporters.JUnitReportReporter -->
<testsuite hostname="LAPTOP-FNHVNRNU" failures="0" tests="1" name="TestNgProgramms.Three" time="11.000" errors="0" timestamp="2023-09-10T18:13:18 IST" skipped="0">
  <testcase classname="TestNgProgramms.Three" name="FB" time="11.000"/>
  <system-out/>
</testsuite> <!-- TestNgProgramms.Three -->
