<?xml version="1.0" encoding="UTF-8"?>
<!-- Generated by org.testng.reporters.JUnitReportReporter -->
<testsuite hostname="LAPTOP-FNHVNRNU" failures="0" tests="2" name="TestNgProgramms.Second" time="29.831" errors="0" timestamp="2023-09-25T00:15:11 IST" skipped="0">
  <testcase classname="TestNgProgramms.Second" name="myntra" time="0.003"/>
  <system-out/>
  <testcase classname="TestNgProgramms.Second" name="Cashora" time="29.828"/>
  <system-out/>
</testsuite> <!-- TestNgProgramms.Second -->
