<?xml version="1.0" encoding="UTF-8"?>
<!-- Generated by org.testng.reporters.JUnitReportReporter -->
<testsuite hostname="DESKTOP-GOLSP1H" failures="0" tests="1" name="Authentication.BearerAuth" time="4.189" errors="0" timestamp="2024-02-11T19:37:04 IST" skipped="0">
  <testcase classname="Authentication.BearerAuth" name="bearerToken" time="4.189"/>
</testsuite> <!-- Authentication.BearerAuth -->
