<?xml version="1.0" encoding="UTF-8"?>
<!-- Generated by org.testng.reporters.JUnitReportReporter -->
<testsuite hostname="DESKTOP-GOLSP1H" failures="0" tests="1" name="TestNG.GroupEx" time="0.010" errors="0" timestamp="2024-01-29T02:38:11 IST" skipped="0">
  <testcase classname="TestNG.GroupEx" name="sanity1" time="0.010"/>
  <system-out/>
</testsuite> <!-- TestNG.GroupEx -->
