<?xml version="1.0" encoding="UTF-8"?>
<!-- Generated by org.testng.reporters.JUnitReportReporter -->
<testsuite hostname="LAPTOP-FNHVNRNU" failures="0" tests="2" name="TestNG.Sample" time="0.011" errors="0" timestamp="2023-05-06T12:31:59 IST" skipped="0">
  <testcase classname="TestNG.Sample" name="rtest" time="0.001"/>
  <system-out/>
  <testcase classname="TestNG.Sample" name="reg" time="0.010"/>
  <system-out/>
</testsuite> <!-- TestNG.Sample -->
