<?xml version="1.0" encoding="UTF-8"?>
<!-- Generated by org.testng.reporters.JUnitReportReporter -->
<testsuite hostname="LAPTOP-FNHVNRNU" failures="0" tests="1" name="TestNG.TESTNGANNOTATION" time="0.006" errors="0" timestamp="2022-12-28T21:39:40 IST" skipped="0">
  <testcase classname="TestNG.TESTNGANNOTATION" name="t" time="0.006"/>
  <system-out/>
</testsuite> <!-- TestNG.TESTNGANNOTATION -->
