<?xml version="1.0" encoding="UTF-8"?>
<!-- Generated by org.testng.reporters.JUnitReportReporter -->
<testsuite hostname="LAPTOP-FNHVNRNU" failures="0" tests="6" name="TestNG.Flag" time="0.013" errors="0" timestamp="2023-09-10T14:52:33 IST" skipped="0">
  <testcase classname="TestNG.Flag" name="flag5" time="0.007"/>
  <system-out/>
  <testcase classname="TestNG.Flag" name="flag2" time="0.001"/>
  <system-out/>
  <testcase classname="TestNG.Flag" name="flag4" time="0.001"/>
  <system-out/>
  <testcase classname="TestNG.Flag" name="flag1" time="0.001"/>
  <system-out/>
  <testcase classname="TestNG.Flag" name="flag1" time="0.001"/>
  <system-out/>
  <testcase classname="TestNG.Flag" name="flag3" time="0.002"/>
  <system-out/>
</testsuite> <!-- TestNG.Flag -->
