<?xml version="1.0" encoding="UTF-8"?>
<!-- Generated by org.testng.reporters.JUnitReportReporter -->
<testsuite hostname="DESKTOP-GOLSP1H" failures="0" tests="1" name="jenkinsTest.Prog1" time="0.016" errors="0" timestamp="2024-02-11T23:47:04 IST" skipped="0">
  <testcase classname="jenkinsTest.Prog1" name="jenkins" time="0.016"/>
</testsuite> <!-- jenkinsTest.Prog1 -->
