<?xml version="1.0" encoding="UTF-8"?>
<!-- Generated by org.testng.reporters.JUnitReportReporter -->
<testsuite hostname="LAPTOP-FNHVNRNU" failures="0" tests="1" name="Authentication.Oauth2_0" time="3.453" errors="0" timestamp="2022-09-29T22:41:33 IST" skipped="0">
  <testcase classname="Authentication.Oauth2_0" name="oauth2" time="3.453"/>
  <system-out/>
</testsuite> <!-- Authentication.Oauth2_0 -->
