<?xml version="1.0" encoding="UTF-8"?>
<!-- Generated by org.testng.reporters.JUnitReportReporter -->
<testsuite hostname="LAPTOP-FNHVNRNU" failures="0" tests="1" name="SerializationDeserialization.IntroDeserilaization" time="0.209" errors="0" timestamp="2022-09-21T15:45:49 IST" skipped="0">
  <testcase classname="SerializationDeserialization.IntroDeserilaization" name="deserialization" time="0.209"/>
  <system-out/>
</testsuite> <!-- SerializationDeserialization.IntroDeserilaization -->
