<?xml version="1.0" encoding="UTF-8"?>
<!-- Generated by org.testng.reporters.JUnitReportReporter -->
<testsuite hostname="LAPTOP-FNHVNRNU" failures="0" tests="1" name="bdd.CRUDOperation.BddCreateMe" time="2.729" errors="0" timestamp="2022-09-24T22:00:50 IST" skipped="0">
  <testcase classname="bdd.CRUDOperation.BddCreateMe" name="bddcreat" time="2.729"/>
  <system-out/>
</testsuite> <!-- bdd.CRUDOperation.BddCreateMe -->
