<?xml version="1.0" encoding="UTF-8"?>
<!-- Generated by org.testng.reporters.JUnitReportReporter -->
<testsuite hostname="LAPTOP-FNHVNRNU" failures="0" tests="1" name="MyPractice.basic_Update" time="2.667" errors="0" timestamp="2022-10-13T01:51:30 IST" skipped="0">
  <testcase classname="MyPractice.basic_Update" name="update" time="2.667"/>
  <system-out/>
</testsuite> <!-- MyPractice.basic_Update -->
