<?xml version="1.0" encoding="UTF-8"?>
<!-- Generated by org.testng.reporters.JUnitReportReporter -->
<testsuite hostname="LAPTOP-FNHVNRNU" failures="0" tests="1" name="basic.CRUDoperation.CreateProjectMe" time="22.682" errors="0" timestamp="2023-09-25T00:15:54 IST" skipped="0">
  <testcase classname="basic.CRUDoperation.CreateProjectMe" name="createproject" time="22.682"/>
  <system-out/>
</testsuite> <!-- basic.CRUDoperation.CreateProjectMe -->
