<?xml version="1.0" encoding="UTF-8"?>
<!-- Generated by org.testng.reporters.JUnitReportReporter -->
<testsuite hostname="LAPTOP-FNHVNRNU" failures="0" tests="1" name="SerializationDeserialization.SerializationUsingObject" time="0.199" errors="0" timestamp="2022-09-21T16:22:12 IST" skipped="0">
  <testcase classname="SerializationDeserialization.SerializationUsingObject" name="serializationObject" time="0.199"/>
  <system-out/>
</testsuite> <!-- SerializationDeserialization.SerializationUsingObject -->
