<?xml version="1.0" encoding="UTF-8"?>
<!-- Generated by org.testng.reporters.JUnitReportReporter -->
<testsuite hostname="LAPTOP-FNHVNRNU" failures="0" tests="1" name="SerializationDeserialization.SerializationUsingArray" time="0.204" errors="0" timestamp="2022-09-21T15:48:01 IST" skipped="0">
  <testcase classname="SerializationDeserialization.SerializationUsingArray" name="serial" time="0.204"/>
  <system-out/>
</testsuite> <!-- SerializationDeserialization.SerializationUsingArray -->
