<?xml version="1.0" encoding="UTF-8"?>
<!-- Generated by org.testng.reporters.JUnitReportReporter -->
<testsuite hostname="LAPTOP-FNHVNRNU" failures="0" tests="1" name="SerializationDeserialization.ProjectDeserialisation" time="0.270" errors="0" timestamp="2022-10-12T23:22:49 IST" skipped="0">
  <testcase classname="SerializationDeserialization.ProjectDeserialisation" name="projDes" time="0.270"/>
  <system-out/>
</testsuite> <!-- SerializationDeserialization.ProjectDeserialisation -->
