<?xml version="1.0" encoding="UTF-8"?>
<!-- Generated by org.testng.reporters.JUnitReportReporter -->
<testsuite hostname="LAPTOP-FNHVNRNU" failures="0" tests="1" name="basic.CRUDoperation.Delete" time="2.728" errors="0" timestamp="2022-10-12T23:43:03 IST" skipped="0">
  <testcase classname="basic.CRUDoperation.Delete" name="delete" time="2.728"/>
  <system-out/>
</testsuite> <!-- basic.CRUDoperation.Delete -->
