<?xml version="1.0" encoding="UTF-8"?>
<!-- Generated by org.testng.reporters.JUnitReportReporter -->
<testsuite hostname="LAPTOP-FNHVNRNU" failures="0" tests="1" name="RequestChaining.CreateProjectAndGet" time="3.154" errors="0" timestamp="2022-09-28T13:58:27 IST" skipped="0">
  <testcase classname="RequestChaining.CreateProjectAndGet" name="createAndDelete" time="3.154"/>
  <system-out/>
</testsuite> <!-- RequestChaining.CreateProjectAndGet -->
