<?xml version="1.0" encoding="UTF-8"?>
<!-- Generated by org.testng.reporters.JUnitReportReporter -->
<testsuite hostname="LAPTOP-FNHVNRNU" failures="0" tests="1" name="MyPractice.PostUsingFile" time="2.216" errors="0" timestamp="2022-10-14T12:43:45 IST" skipped="0">
  <testcase classname="MyPractice.PostUsingFile" name="postFile" time="2.216"/>
  <system-out/>
</testsuite> <!-- MyPractice.PostUsingFile -->
