<?xml version="1.0" encoding="UTF-8"?>
<!-- Generated by org.testng.reporters.JUnitReportReporter -->
<testsuite hostname="LAPTOP-FNHVNRNU" failures="0" tests="1" name="SerializationDeserialization.DeserializationObj" time="0.216" errors="0" timestamp="2022-09-21T22:54:10 IST" skipped="0">
  <testcase classname="SerializationDeserialization.DeserializationObj" name="deserial" time="0.216"/>
  <system-out/>
</testsuite> <!-- SerializationDeserialization.DeserializationObj -->
