<?xml version="1.0" encoding="UTF-8"?>
<!-- Generated by org.testng.reporters.JUnitReportReporter -->
<testsuite hostname="LAPTOP-FNHVNRNU" failures="0" tests="1" name="MyPractice.PostUsingJson" time="1.978" errors="0" timestamp="2022-10-15T01:45:49 IST" skipped="0">
  <testcase classname="MyPractice.PostUsingJson" name="postJson" time="1.978"/>
  <system-out/>
</testsuite> <!-- MyPractice.PostUsingJson -->
