<?xml version="1.0" encoding="UTF-8"?>
<!-- Generated by org.testng.reporters.JUnitReportReporter -->
<testsuite hostname="LAPTOP-FNHVNRNU" failures="0" tests="1" name="DiffrentWaysToPost.PostUsingPojoMe" time="2.747" errors="0" timestamp="2022-09-25T00:03:23 IST" skipped="0">
  <testcase classname="DiffrentWaysToPost.PostUsingPojoMe" name="post" time="2.747"/>
  <system-out/>
</testsuite> <!-- DiffrentWaysToPost.PostUsingPojoMe -->
