<?xml version="1.0" encoding="UTF-8"?>
<!-- Generated by org.testng.reporters.JUnitReportReporter -->
<testsuite hostname="LAPTOP-FNHVNRNU" failures="0" tests="1" name="ResponseValidation.StaticRespValidation" time="3.183" errors="0" timestamp="2022-11-30T23:25:53 IST" skipped="0">
  <testcase classname="ResponseValidation.StaticRespValidation" name="validation" time="3.183"/>
  <system-out/>
</testsuite> <!-- ResponseValidation.StaticRespValidation -->
