<?xml version="1.0" encoding="UTF-8"?>
<!-- Generated by org.testng.reporters.JUnitReportReporter -->
<testsuite hostname="LAPTOP-FNHVNRNU" failures="0" tests="1" name="Authentication.BearerAuth" time="2.518" errors="0" timestamp="2022-09-28T22:17:38 IST" skipped="0">
  <testcase classname="Authentication.BearerAuth" name="bearerToken" time="2.518"/>
  <system-out/>
</testsuite> <!-- Authentication.BearerAuth -->
