<?xml version="1.0" encoding="UTF-8"?>
<!-- Generated by org.testng.reporters.JUnitReportReporter -->
<testsuite hostname="LAPTOP-FNHVNRNU" failures="0" tests="1" name="basic.CRUDoperation.GeTAll" time="4.347" errors="0" timestamp="2022-10-13T12:14:28 IST" skipped="0">
  <testcase classname="basic.CRUDoperation.GeTAll" name="get" time="4.347"/>
  <system-out/>
</testsuite> <!-- basic.CRUDoperation.GeTAll -->
