<?xml version="1.0" encoding="UTF-8"?>
<!-- Generated by org.testng.reporters.JUnitReportReporter -->
<testsuite hostname="LAPTOP-FNHVNRNU" failures="0" tests="1" name="ResponseValidation.DynamicValidation" time="2.440" errors="0" timestamp="2022-09-27T01:40:41 IST" skipped="0">
  <testcase classname="ResponseValidation.DynamicValidation" name="dvalidation" time="2.440"/>
  <system-out/>
</testsuite> <!-- ResponseValidation.DynamicValidation -->
