<?xml version="1.0" encoding="UTF-8"?>
<!-- Generated by org.testng.reporters.JUnitReportReporter -->
<testsuite hostname="LAPTOP-FNHVNRNU" failures="0" tests="1" name="Parameters.FormParameter" time="2.806" errors="0" timestamp="2022-12-01T22:48:46 IST" skipped="0">
  <testcase classname="Parameters.FormParameter" name="form" time="2.806"/>
  <system-out/>
</testsuite> <!-- Parameters.FormParameter -->
