<?xml version="1.0" encoding="UTF-8"?>
<!-- Generated by org.testng.reporters.JUnitReportReporter -->
<testsuite hostname="LAPTOP-FNHVNRNU" failures="0" tests="1" name="DiffrentWaysToPost.PostUsingFileMe" time="2.470" errors="0" timestamp="2022-10-15T01:43:00 IST" skipped="0">
  <testcase classname="DiffrentWaysToPost.PostUsingFileMe" name="postFile" time="2.470"/>
  <system-out/>
</testsuite> <!-- DiffrentWaysToPost.PostUsingFileMe -->
