<?xml version="1.0" encoding="UTF-8"?>
<!-- Generated by org.testng.reporters.JUnitReportReporter -->
<testsuite hostname="LAPTOP-FNHVNRNU" failures="0" tests="1" name="Parameters.QueryParameter" time="3.258" errors="0" timestamp="2022-12-01T21:15:29 IST" skipped="0">
  <testcase classname="Parameters.QueryParameter" name="query" time="3.258"/>
  <system-out/>
</testsuite> <!-- Parameters.QueryParameter -->
