<?xml version="1.0" encoding="UTF-8"?>
<!-- Generated by org.testng.reporters.JUnitReportReporter -->
<testsuite hostname="LAPTOP-FNHVNRNU" failures="0" tests="1" name="MyPractice.basic_Crud" time="2.324" errors="0" timestamp="2022-10-13T01:50:27 IST" skipped="0">
  <testcase classname="MyPractice.basic_Crud" name="create" time="2.324"/>
  <system-out/>
</testsuite> <!-- MyPractice.basic_Crud -->
