<?xml version="1.0" encoding="UTF-8"?>
<!-- Generated by org.testng.reporters.JUnitReportReporter -->
<testsuite hostname="LAPTOP-FNHVNRNU" failures="0" tests="1" name="RequestChaining.CreateProjectAndDelete" time="3.165" errors="0" timestamp="2022-09-28T14:06:44 IST" skipped="0">
  <testcase classname="RequestChaining.CreateProjectAndDelete" name="createAndDelete" time="3.165"/>
  <system-out/>
</testsuite> <!-- RequestChaining.CreateProjectAndDelete -->
