<?xml version="1.0" encoding="UTF-8"?>
<!-- Generated by org.testng.reporters.JUnitReportReporter -->
<testsuite hostname="LAPTOP-FNHVNRNU" failures="0" tests="1" name="MyPractice.BasicDelete" time="2.284" errors="0" timestamp="2022-10-13T12:14:49 IST" skipped="0">
  <testcase classname="MyPractice.BasicDelete" name="delete" time="2.284"/>
  <system-out/>
</testsuite> <!-- MyPractice.BasicDelete -->
