<?xml version="1.0" encoding="UTF-8"?>
<!-- Generated by org.testng.reporters.JUnitReportReporter -->
<testsuite hostname="LAPTOP-FNHVNRNU" failures="0" tests="1" name="MyPractice.Deserialization" time="0.238" errors="0" timestamp="2022-10-13T01:20:00 IST" skipped="0">
  <testcase classname="MyPractice.Deserialization" name="deserial" time="0.238"/>
  <system-out/>
</testsuite> <!-- MyPractice.Deserialization -->
