<?xml version="1.0" encoding="UTF-8"?>
<!-- Generated by org.testng.reporters.JUnitReportReporter -->
<testsuite hostname="LAPTOP-FNHVNRNU" failures="0" tests="1" name="SerializationDeserialization.IntroSerialization" time="0.290" errors="0" timestamp="2022-09-21T14:21:19 IST" skipped="0">
  <testcase classname="SerializationDeserialization.IntroSerialization" name="serial" time="0.290"/>
  <system-out/>
</testsuite> <!-- SerializationDeserialization.IntroSerialization -->
