<?xml version="1.0" encoding="UTF-8"?>
<!-- Generated by org.testng.reporters.JUnitReportReporter -->
<testsuite hostname="LAPTOP-FNHVNRNU" failures="0" tests="1" name="SerializationDeserialization.ProjectSerialization" time="0.243" errors="0" timestamp="2022-10-12T23:21:03 IST" skipped="0">
  <testcase classname="SerializationDeserialization.ProjectSerialization" name="ProjSerial" time="0.243"/>
  <system-out/>
</testsuite> <!-- SerializationDeserialization.ProjectSerialization -->
