<?xml version="1.0" encoding="UTF-8"?>
<!-- Generated by org.testng.reporters.JUnitReportReporter -->
<testsuite hostname="LAPTOP-FNHVNRNU" failures="0" tests="1" name="MyPractice.PostUsingHashmap" time="5.341" errors="0" timestamp="2022-10-13T23:26:09 IST" skipped="0">
  <testcase classname="MyPractice.PostUsingHashmap" name="posthashmap" time="5.341"/>
  <system-out/>
</testsuite> <!-- MyPractice.PostUsingHashmap -->
