<?xml version="1.0" encoding="UTF-8"?>
<!-- Generated by org.testng.reporters.JUnitReportReporter -->
<testsuite hostname="LAPTOP-FNHVNRNU" failures="0" tests="1" name="SerializationDeserialization.DeserializationArray" time="0.207" errors="0" timestamp="2022-09-21T16:03:19 IST" skipped="0">
  <testcase classname="SerializationDeserialization.DeserializationArray" name="Deserial" time="0.207"/>
  <system-out/>
</testsuite> <!-- SerializationDeserialization.DeserializationArray -->
