<?xml version="1.0" encoding="UTF-8"?>
<!-- Generated by org.testng.reporters.JUnitReportReporter -->
<testsuite hostname="LAPTOP-FNHVNRNU" failures="0" tests="1" name="EndToEndScenerio.CreateAndVerifyWithBaseAPI" time="2.892" errors="0" timestamp="2022-12-05T21:46:58 IST" skipped="0">
  <testcase classname="EndToEndScenerio.CreateAndVerifyWithBaseAPI" name="createProject" time="2.892"/>
  <system-out/>
</testsuite> <!-- EndToEndScenerio.CreateAndVerifyWithBaseAPI -->
