<?xml version="1.0" encoding="UTF-8"?>
<!-- Generated by org.testng.reporters.JUnitReportReporter -->
<testsuite hostname="LAPTOP-FNHVNRNU" failures="0" tests="1" name="SerializationDeserialization.MineSerialization" time="0.211" errors="0" timestamp="2022-09-24T21:23:13 IST" skipped="0">
  <testcase classname="SerializationDeserialization.MineSerialization" name="serial" time="0.211"/>
  <system-out/>
</testsuite> <!-- SerializationDeserialization.MineSerialization -->
