<?xml version="1.0" encoding="UTF-8"?>
<!-- Generated by org.testng.reporters.JUnitReportReporter -->
<testsuite hostname="LAPTOP-FNHVNRNU" failures="0" tests="1" name="RequestChaining.CreateUpdatGetDelete" time="3.386" errors="0" timestamp="2022-09-28T14:47:57 IST" skipped="0">
  <testcase classname="RequestChaining.CreateUpdatGetDelete" name="cugetdel" time="3.386"/>
  <system-out/>
</testsuite> <!-- RequestChaining.CreateUpdatGetDelete -->
