<?xml version="1.0" encoding="UTF-8"?>
<!-- Generated by org.testng.reporters.JUnitReportReporter -->
<testsuite hostname="LAPTOP-FNHVNRNU" failures="0" tests="1" name="SerializationDeserialization.Deserialization" time="0.678" errors="0" timestamp="2022-09-22T22:57:28 IST" skipped="0">
  <testcase classname="SerializationDeserialization.Deserialization" name="deserialization" time="0.678"/>
  <system-out/>
</testsuite> <!-- SerializationDeserialization.Deserialization -->
