<?xml version="1.0" encoding="UTF-8"?>
<!-- Generated by org.testng.reporters.JUnitReportReporter -->
<testsuite hostname="LAPTOP-FNHVNRNU" failures="0" tests="1" name="MyPractice.BDDcreate" time="3.808" errors="0" timestamp="2022-10-13T14:44:00 IST" skipped="0">
  <testcase classname="MyPractice.BDDcreate" name="create" time="3.808"/>
  <system-out/>
</testsuite> <!-- MyPractice.BDDcreate -->
