<?xml version="1.0" encoding="UTF-8"?>
<!-- Generated by org.testng.reporters.JUnitReportReporter -->
<testsuite hostname="LAPTOP-FNHVNRNU" failures="0" tests="1" name="RequestChaining.CreateAandGet" time="8.492" errors="0" timestamp="2022-10-17T01:14:01 IST" skipped="0">
  <testcase classname="RequestChaining.CreateAandGet" name="get" time="8.492"/>
  <system-out/>
</testsuite> <!-- RequestChaining.CreateAandGet -->
