<?xml version="1.0" encoding="UTF-8"?>
<!-- Generated by org.testng.reporters.JUnitReportReporter -->
<testsuite hostname="LAPTOP-FNHVNRNU" failures="0" tests="1" name="MyPractice.BDDGetAll" time="3.213" errors="0" timestamp="2022-10-13T22:40:10 IST" skipped="0">
  <testcase classname="MyPractice.BDDGetAll" name="getAll" time="3.213"/>
  <system-out/>
</testsuite> <!-- MyPractice.BDDGetAll -->
