<?xml version="1.0" encoding="UTF-8"?>
<!-- Generated by org.testng.reporters.JUnitReportReporter -->
<testsuite hostname="LAPTOP-FNHVNRNU" failures="0" tests="1" name="SerializationDeserialization.MineDeserialization" time="0.271" errors="0" timestamp="2022-10-12T23:18:37 IST" skipped="0">
  <testcase classname="SerializationDeserialization.MineDeserialization" name="deserial" time="0.271"/>
  <system-out/>
</testsuite> <!-- SerializationDeserialization.MineDeserialization -->
