<?xml version="1.0" encoding="UTF-8"?>
<!-- Generated by org.testng.reporters.JUnitReportReporter -->
<testsuite hostname="LAPTOP-FNHVNRNU" failures="0" tests="1" name="basic.CRUDoperation.Upadate" time="3.852" errors="0" timestamp="2022-09-23T01:08:35 IST" skipped="0">
  <testcase classname="basic.CRUDoperation.Upadate" name="update" time="3.852"/>
  <system-out/>
</testsuite> <!-- basic.CRUDoperation.Upadate -->
