<?xml version="1.0" encoding="UTF-8"?>
<!-- Generated by org.testng.reporters.JUnitReportReporter -->
<testsuite hostname="LAPTOP-FNHVNRNU" failures="0" tests="1" name="MyPractice.ReqChainingCreateGet" time="3.548" errors="0" timestamp="2022-10-17T01:29:58 IST" skipped="0">
  <testcase classname="MyPractice.ReqChainingCreateGet" name="createGet" time="3.548"/>
  <system-out/>
</testsuite> <!-- MyPractice.ReqChainingCreateGet -->
