<?xml version="1.0" encoding="UTF-8"?>
<!-- Generated by org.testng.reporters.JUnitReportReporter -->
<testsuite hostname="LAPTOP-FNHVNRNU" failures="0" tests="1" name="SerializationDeserialization.Serialization" time="0.256" errors="0" timestamp="2022-09-24T21:21:00 IST" skipped="0">
  <testcase classname="SerializationDeserialization.Serialization" name="serialization" time="0.256"/>
  <system-out/>
</testsuite> <!-- SerializationDeserialization.Serialization -->
