<?xml version="1.0" encoding="UTF-8"?>
<!-- Generated by org.testng.reporters.JUnitReportReporter -->
<testsuite hostname="LAPTOP-FNHVNRNU" failures="0" tests="1" name="basic.CRUDoperation.CreateProjectTest" time="2.930" errors="0" timestamp="2022-10-12T23:41:09 IST" skipped="0">
  <testcase classname="basic.CRUDoperation.CreateProjectTest" name="createProjectTest" time="2.930"/>
  <system-out/>
</testsuite> <!-- basic.CRUDoperation.CreateProjectTest -->
