<?xml version="1.0" encoding="UTF-8"?>
<!-- Generated by org.testng.reporters.JUnitReportReporter -->
<testsuite hostname="LAPTOP-FNHVNRNU" failures="0" tests="1" name="MyPractice.BasicGet" time="2.088" errors="0" timestamp="2022-10-13T11:42:01 IST" skipped="0">
  <testcase classname="MyPractice.BasicGet" name="get" time="2.088"/>
  <system-out/>
</testsuite> <!-- MyPractice.BasicGet -->
