<?xml version="1.0" encoding="UTF-8"?>
<!-- Generated by org.testng.reporters.JUnitReportReporter -->
<testsuite hostname="LAPTOP-FNHVNRNU" failures="0" tests="10" name="MultipleReqWithOneReq.MultipleReq$CreateMultipleProjectWithDiffData" time="26.363" errors="0" timestamp="2022-09-28T00:26:23 IST" skipped="0">
  <testcase classname="MultipleReqWithOneReq.MultipleReq$CreateMultipleProjectWithDiffData" name="createProject" time="20.836"/>
  <system-out/>
  <testcase classname="MultipleReqWithOneReq.MultipleReq$CreateMultipleProjectWithDiffData" name="createProject" time="0.529"/>
  <system-out/>
  <testcase classname="MultipleReqWithOneReq.MultipleReq$CreateMultipleProjectWithDiffData" name="createProject" time="1.548"/>
  <system-out/>
  <testcase classname="MultipleReqWithOneReq.MultipleReq$CreateMultipleProjectWithDiffData" name="createProject" time="0.261"/>
  <system-out/>
  <testcase classname="MultipleReqWithOneReq.MultipleReq$CreateMultipleProjectWithDiffData" name="createProject" time="0.424"/>
  <system-out/>
  <testcase classname="MultipleReqWithOneReq.MultipleReq$CreateMultipleProjectWithDiffData" name="createProject" time="0.575"/>
  <system-out/>
  <testcase classname="MultipleReqWithOneReq.MultipleReq$CreateMultipleProjectWithDiffData" name="createProject" time="0.830"/>
  <system-out/>
  <testcase classname="MultipleReqWithOneReq.MultipleReq$CreateMultipleProjectWithDiffData" name="createProject" time="0.606"/>
  <system-out/>
  <testcase classname="MultipleReqWithOneReq.MultipleReq$CreateMultipleProjectWithDiffData" name="createProject" time="0.253"/>
  <system-out/>
  <testcase classname="MultipleReqWithOneReq.MultipleReq$CreateMultipleProjectWithDiffData" name="createProject" time="0.501"/>
  <system-out/>
</testsuite> <!-- MultipleReqWithOneReq.MultipleReq$CreateMultipleProjectWithDiffData -->
