<?xml version="1.0" encoding="UTF-8"?>
<!-- Generated by org.testng.reporters.JUnitReportReporter -->
<testsuite hostname="LAPTOP-FNHVNRNU" failures="0" tests="1" name="Authentication.BasicOauth" time="2.342" errors="0" timestamp="2022-09-28T15:27:56 IST" skipped="0">
  <testcase classname="Authentication.BasicOauth" name="preemptiveAuth" time="2.342"/>
  <system-out/>
</testsuite> <!-- Authentication.BasicOauth -->
