<?xml version="1.0" encoding="UTF-8"?>
<!-- Generated by org.testng.reporters.JUnitReportReporter -->
<testsuite hostname="LAPTOP-FNHVNRNU" failures="0" tests="1" name="Parameters.PathParameter" time="24.231" errors="0" timestamp="2022-09-28T12:12:04 IST" skipped="0">
  <testcase classname="Parameters.PathParameter" name="path" time="24.231"/>
  <system-out/>
</testsuite> <!-- Parameters.PathParameter -->
