<?xml version="1.0" encoding="UTF-8"?>
<!-- Generated by org.testng.reporters.JUnitReportReporter -->
<testsuite hostname="LAPTOP-FNHVNRNU" failures="0" tests="1" name="MyPractice.Serialization" time="0.433" errors="0" timestamp="2022-10-13T01:10:50 IST" skipped="0">
  <testcase classname="MyPractice.Serialization" name="serial" time="0.433"/>
  <system-out/>
</testsuite> <!-- MyPractice.Serialization -->
