<?xml version="1.0" encoding="UTF-8"?>
<!-- Generated by org.testng.reporters.JUnitReportReporter -->
<testsuite hostname="LAPTOP-FNHVNRNU" failures="0" tests="1" name="MyPractice.BDDDelete" time="2.741" errors="0" timestamp="2022-10-13T22:43:32 IST" skipped="0">
  <testcase classname="MyPractice.BDDDelete" name="delete" time="2.741"/>
  <system-out/>
</testsuite> <!-- MyPractice.BDDDelete -->
