<?xml version="1.0" encoding="UTF-8"?>
<!-- Generated by org.testng.reporters.JUnitReportReporter -->
<testsuite hostname="LAPTOP-FNHVNRNU" failures="0" tests="1" name="ValidationBody.Body_Validation" time="3.449" errors="0" timestamp="2022-12-01T20:36:20 IST" skipped="0">
  <testcase classname="ValidationBody.Body_Validation" name="Dynamic_Response" time="3.449"/>
  <system-out/>
</testsuite> <!-- ValidationBody.Body_Validation -->
