<?xml version="1.0" encoding="UTF-8"?>
<!-- Generated by org.testng.reporters.JUnitReportReporter -->
<testsuite hostname="LAPTOP-FNHVNRNU" failures="0" tests="1" name="Parameter.FormData" time="3.581" errors="0" timestamp="2022-12-01T22:49:03 IST" skipped="0">
  <testcase classname="Parameter.FormData" name="form" time="3.581"/>
  <system-out/>
</testsuite> <!-- Parameter.FormData -->
