<?xml version="1.0" encoding="UTF-8"?>
<!-- Generated by org.testng.reporters.JUnitReportReporter -->
<testsuite hostname="LAPTOP-FNHVNRNU" failures="0" tests="1" name="BasicCRUD.Create" time="6.702" errors="0" timestamp="2022-11-30T16:21:06 IST" skipped="0">
  <testcase classname="BasicCRUD.Create" name="create" time="6.702"/>
  <system-out/>
</testsuite> <!-- BasicCRUD.Create -->
