<?xml version="1.0" encoding="UTF-8"?>
<!-- Generated by org.testng.reporters.JUnitReportReporter -->
<testsuite hostname="LAPTOP-FNHVNRNU" failures="0" tests="1" name="BddCRUD.Create" time="2.856" errors="0" timestamp="2022-11-27T23:51:35 IST" skipped="0">
  <testcase classname="BddCRUD.Create" name="create" time="2.856"/>
  <system-out/>
</testsuite> <!-- BddCRUD.Create -->
