<?xml version="1.0" encoding="UTF-8"?>
<!-- Generated by org.testng.reporters.JUnitReportReporter -->
<testsuite hostname="LAPTOP-FNHVNRNU" failures="0" tests="1" name="Parameter.Path" time="2.405" errors="0" timestamp="2022-12-01T21:13:15 IST" skipped="0">
  <testcase classname="Parameter.Path" name="path" time="2.405"/>
  <system-out/>
</testsuite> <!-- Parameter.Path -->
