<?xml version="1.0" encoding="UTF-8"?>
<!-- Generated by org.testng.reporters.JUnitReportReporter -->
<testsuite hostname="LAPTOP-FNHVNRNU" failures="0" tests="1" name="BasicCRUD.Get" time="2.029" errors="0" timestamp="2022-11-30T16:25:11 IST" skipped="0">
  <testcase classname="BasicCRUD.Get" name="get" time="2.029"/>
  <system-out/>
</testsuite> <!-- BasicCRUD.Get -->
