<?xml version="1.0" encoding="UTF-8"?>
<!-- Generated by org.testng.reporters.JUnitReportReporter -->
<testsuite hostname="LAPTOP-FNHVNRNU" failures="0" tests="1" name="com.RestPractice.Serialization.Deserialization" time="0.277" errors="0" timestamp="2022-11-27T22:50:45 IST" skipped="0">
  <testcase classname="com.RestPractice.Serialization.Deserialization" name="deserial" time="0.277"/>
  <system-out/>
</testsuite> <!-- com.RestPractice.Serialization.Deserialization -->
