<?xml version="1.0" encoding="UTF-8"?>
<!-- Generated by org.testng.reporters.JUnitReportReporter -->
<testsuite hostname="LAPTOP-FNHVNRNU" failures="0" tests="1" name="ResHeaderValidation.ValidationCode" time="2.871" errors="0" timestamp="2022-11-30T21:22:19 IST" skipped="0">
  <testcase classname="ResHeaderValidation.ValidationCode" name="code" time="2.871"/>
  <system-out/>
</testsuite> <!-- ResHeaderValidation.ValidationCode -->
