<?xml version="1.0" encoding="UTF-8"?>
<!-- Generated by org.testng.reporters.JUnitReportReporter -->
<testsuite hostname="LAPTOP-FNHVNRNU" failures="0" tests="1" name="Diff_Way_Post.JavaFile" time="2.553" errors="0" timestamp="2022-11-29T23:14:57 IST" skipped="0">
  <testcase classname="Diff_Way_Post.JavaFile" name="javaFile" time="2.553"/>
  <system-out/>
</testsuite> <!-- Diff_Way_Post.JavaFile -->
