<?xml version="1.0" encoding="UTF-8"?>
<!-- Generated by org.testng.reporters.JUnitReportReporter -->
<testsuite hostname="LAPTOP-FNHVNRNU" failures="0" tests="1" name="com.RestPractice.Serialization.Serial" time="0.401" errors="0" timestamp="2022-11-27T22:42:38 IST" skipped="0">
  <testcase classname="com.RestPractice.Serialization.Serial" name="Serialization" time="0.401"/>
  <system-out/>
</testsuite> <!-- com.RestPractice.Serialization.Serial -->
