<?xml version="1.0" encoding="UTF-8"?>
<!-- Generated by org.testng.reporters.JUnitReportReporter -->
<testsuite hostname="LAPTOP-FNHVNRNU" failures="0" tests="1" name="BasicCRUD.Update" time="2.634" errors="0" timestamp="2022-11-30T16:23:54 IST" skipped="0">
  <testcase classname="BasicCRUD.Update" name="put" time="2.634"/>
  <system-out/>
</testsuite> <!-- BasicCRUD.Update -->
