<?xml version="1.0" encoding="UTF-8"?>
<!-- Generated by org.testng.reporters.JUnitReportReporter -->
<testsuite hostname="LAPTOP-FNHVNRNU" failures="0" tests="1" name="Parameter.QueryString" time="4.056" errors="0" timestamp="2022-12-01T21:16:20 IST" skipped="0">
  <testcase classname="Parameter.QueryString" name="path" time="4.056"/>
  <system-out/>
</testsuite> <!-- Parameter.QueryString -->
