<?xml version="1.0" encoding="UTF-8"?>
<!-- Generated by org.testng.reporters.JUnitReportReporter -->
<testsuite hostname="LAPTOP-FNHVNRNU" failures="0" tests="1" name="ValidationBody.StaticBodyValidation" time="3.216" errors="0" timestamp="2022-11-30T23:31:58 IST" skipped="0">
  <testcase classname="ValidationBody.StaticBodyValidation" name="bodyValidation" time="3.216"/>
  <system-out/>
</testsuite> <!-- ValidationBody.StaticBodyValidation -->
