<?xml version="1.0" encoding="UTF-8"?>
<!-- Generated by org.testng.reporters.JUnitReportReporter -->
<testsuite hostname="LAPTOP-FNHVNRNU" failures="0" tests="1" name="BasicCRUD.Delete" time="2.251" errors="0" timestamp="2022-11-30T16:26:59 IST" skipped="0">
  <testcase classname="BasicCRUD.Delete" name="del" time="2.251"/>
  <system-out/>
</testsuite> <!-- BasicCRUD.Delete -->
