<?xml version="1.0" encoding="UTF-8"?>
<!-- Generated by org.testng.reporters.JUnitReportReporter -->
<testsuite hostname="LAPTOP-FNHVNRNU" failures="0" tests="1" name="BddCRUD.Delete" time="2.449" errors="0" timestamp="2022-11-29T22:49:18 IST" skipped="0">
  <testcase classname="BddCRUD.Delete" name="delete" time="2.449"/>
  <system-out/>
</testsuite> <!-- BddCRUD.Delete -->
