<?xml version="1.0" encoding="UTF-8"?>
<!-- Generated by org.testng.reporters.JUnitReportReporter -->
<testsuite hostname="LAPTOP-FNHVNRNU" failures="0" tests="1" name="BddCRUD.Put" time="3.610" errors="0" timestamp="2022-11-29T22:36:32 IST" skipped="0">
  <testcase classname="BddCRUD.Put" name="put" time="3.610"/>
  <system-out/>
</testsuite> <!-- BddCRUD.Put -->
