<?xml version="1.0" encoding="UTF-8"?>
<!-- Generated by org.testng.reporters.JUnitReportReporter -->
<testsuite hostname="LAPTOP-FNHVNRNU" failures="0" tests="1" name="BddCRUD.Get" time="2.712" errors="0" timestamp="2022-11-29T22:02:44 IST" skipped="0">
  <testcase classname="BddCRUD.Get" name="Fetch" time="2.712"/>
  <system-out/>
</testsuite> <!-- BddCRUD.Get -->
