<?xml version="1.0" encoding="UTF-8"?>
<!-- Generated by org.testng.reporters.JUnitReportReporter -->
<testsuite hostname="LAPTOP-FNHVNRNU" failures="0" tests="1" name="GenericProduct.createProduct" time="18.733" errors="0" timestamp="2022-10-10T01:25:36 IST" skipped="0">
  <testcase classname="GenericProduct.createProduct" name="product" time="18.733"/>
  <system-out/>
</testsuite> <!-- GenericProduct.createProduct -->
