<?xml version="1.0" encoding="UTF-8"?>
<!-- Generated by org.testng.reporters.JUnitReportReporter -->
<testsuite hostname="DESKTOP-GOLSP1H" failures="0" tests="1" name="TestNG.chat" time="0.009" errors="0" timestamp="2024-02-07T00:08:08 IST" skipped="0">
  <testcase classname="TestNG.chat" name="loginWithValidCredentials" time="0.009"/>
</testsuite> <!-- TestNG.chat -->
