<?xml version="1.0" encoding="UTF-8"?>
<!-- Generated by org.testng.reporters.JUnitReportReporter -->
<testsuite hostname="DESKTOP-GOLSP1H" failures="0" tests="3" name="TestNG.Annotation" time="0.012" errors="0" timestamp="2024-01-29T01:30:52 IST" skipped="0">
  <testcase classname="TestNG.Annotation" name="khan" time="0.010"/>
  <testcase classname="TestNG.Annotation" name="Singh" time="0.001"/>
  <testcase classname="TestNG.Annotation" name="ankit" time="0.001"/>
</testsuite> <!-- TestNG.Annotation -->
