<?xml version="1.0" encoding="UTF-8"?>
<!-- Generated by org.testng.reporters.JUnitReportReporter -->
<testsuite hostname="DESKTOP-GOLSP1H" failures="0" tests="1" name="TestNG.Organisation" time="8.552" errors="0" timestamp="2024-02-08T01:03:04 IST" skipped="0">
  <testcase classname="TestNG.Organisation" name="organisationTest" time="8.552"/>
</testsuite> <!-- TestNG.Organisation -->
