<?xml version="1.0" encoding="UTF-8"?>
<!-- Generated by org.testng.reporters.JUnitReportReporter -->
<testsuite hostname="DESKTOP-GOLSP1H" failures="0" tests="1" name="TestNG.Lead" time="16.599" errors="0" timestamp="2024-02-08T23:47:33 IST" skipped="0">
  <testcase classname="TestNG.Lead" name="Leads" time="16.599">
    <system-out>
      <![CDATA[ye maderchod hai fasja rha apne bhosre me dalo]]>
    </system-out>
  </testcase> <!-- Leads -->
  <system-out>
    <![CDATA[ye maderchod hai fasja rha apne bhosre me dalo]]>
  </system-out>
</testsuite> <!-- TestNG.Lead -->
