<?xml version="1.0" encoding="UTF-8"?>
<!-- Generated by org.testng.reporters.JUnitReportReporter -->
<testsuite hostname="DESKTOP-GOLSP1H" failures="0" tests="1" name="TestNG.Product" time="12.974" errors="0" timestamp="2024-01-29T01:45:23 IST" skipped="0">
  <testcase classname="TestNG.Product" name="product" time="12.974"/>
</testsuite> <!-- TestNG.Product -->
