<?xml version="1.0" encoding="UTF-8"?>
<!-- Generated by org.testng.reporters.JUnitReportReporter -->
<testsuite hostname="DESKTOP-GOLSP1H" failures="0" tests="1" name="TestNG.LogIn" time="11.067" errors="0" timestamp="2024-02-07T23:48:09 IST" skipped="0">
  <testcase classname="TestNG.LogIn" name="abc" time="11.067"/>
</testsuite> <!-- TestNG.LogIn -->
