<?xml version="1.0" encoding="UTF-8"?>
<!-- Generated by org.testng.reporters.JUnitReportReporter -->
<testsuite hostname="DESKTOP-GOLSP1H" failures="0" tests="1" name="Ankit.Dropdown" time="10.883" errors="0" timestamp="2024-02-07T00:53:02 IST" skipped="0">
  <testcase classname="Ankit.Dropdown" name="droop" time="10.883"/>
</testsuite> <!-- Ankit.Dropdown -->
