<?xml version="1.0" encoding="UTF-8"?>
<!-- Generated by org.testng.reporters.JUnitReportReporter -->
<testsuite hostname="DESKTOP-GOLSP1H" failures="0" tests="1" name="TestNG.Campaign" time="16.214" errors="0" timestamp="2024-02-07T22:57:29 IST" skipped="0">
  <testcase classname="TestNG.Campaign" name="create_campaign" time="16.214"/>
</testsuite> <!-- TestNG.Campaign -->
