<?xml version="1.0" encoding="UTF-8"?>
<!-- Generated by org.testng.reporters.JUnitReportReporter -->
<testsuite hostname="DESKTOP-GOLSP1H" failures="0" tests="1" name="TestNG.gpt" time="0.002" errors="0" timestamp="2024-02-07T00:04:03 IST" skipped="0">
  <testcase classname="TestNG.gpt" name="verifyHomePageTitle" time="0.002"/>
</testsuite> <!-- TestNG.gpt -->
